Start testing: Jul 25 12:28 CST
----------------------------------------------------------
1/1 Testing: testbase
1/1 Test: testbase
Command: "/hqzn/rp/test/testbase"
Directory: /hqzn/rp
"testbase" start time: Jul 25 12:28 CST
Output:
----------------------------------------------------------
Running main() from /hqzn/rp/_deps/googletest-src/googletest/src/gtest_main.cc
[==========] Running 1 test from 1 test case.
[----------] Global test environment set-up.
[----------] 1 test from HelloTest
[ RUN      ] HelloTest.BasicAssertions
/hqzn/rp/test/testbase.cpp:6: Failure
Expected: ("hello") != ("hello"), actual: "hello" vs "hello"
[  FAILED  ] HelloTest.BasicAssertions (0 ms)
[----------] 1 test from HelloTest (0 ms total)

[----------] Global test environment tear-down
[==========] 1 test from 1 test case ran. (0 ms total)
[  PASSED  ] 0 tests.
[  FAILED  ] 1 test, listed below:
[  FAILED  ] HelloTest.BasicAssertions

 1 FAILED TEST
<end of output>
Test time =   0.00 sec
----------------------------------------------------------
Test Failed.
"testbase" end time: Jul 25 12:28 CST
"testbase" time elapsed: 00:00:00
----------------------------------------------------------

End testing: Jul 25 12:28 CST
